0 info it worked if it ends with ok
1 verbose cli [ '/usr/local/bin/node', '/usr/local/bin/npm', 'run', 'tsc' ]
2 info using npm@3.3.12
3 info using node@v5.2.0
4 verbose run-script [ 'pretsc', 'tsc', 'posttsc' ]
5 info lifecycle swagger-jsonforms@0.0.0~pretsc: swagger-jsonforms@0.0.0
6 silly lifecycle swagger-jsonforms@0.0.0~pretsc: no script for pretsc, continuing
7 info lifecycle swagger-jsonforms@0.0.0~tsc: swagger-jsonforms@0.0.0
8 verbose lifecycle swagger-jsonforms@0.0.0~tsc: unsafe-perm in lifecycle true
9 verbose lifecycle swagger-jsonforms@0.0.0~tsc: PATH: /usr/local/lib/node_modules/npm/bin/node-gyp-bin:/home/pancho111203/Studies/EclipseSource/swagger-jsonforms/node_modules/.bin:/usr/local/heroku/bin:/usr/local/heroku/bin:/usr/local/sbin:/usr/local/bin:/usr/sbin:/usr/bin:/sbin:/bin:/usr/games:/usr/local/games:/usr/lib/jvm/jdk1.8.0_60/bin:/usr/lib/jvm/jdk1.8.0_60/jre/bin:/home/pancho111203/eclipse/java-latest-released/eclipse:/usr/local/apache-maven-3.3.3/bin:/home/pancho111203/node_modules/karma/bin:/usr/lib/jvm/jdk1.8.0_60/bin:/usr/lib/jvm/jdk1.8.0_60/jre/bin:/home/pancho111203/eclipse/java-latest-released/eclipse:/usr/local/apache-maven-3.3.3/bin:/home/pancho111203/node_modules/karma/bin
10 verbose lifecycle swagger-jsonforms@0.0.0~tsc: CWD: /home/pancho111203/Studies/EclipseSource/swagger-jsonforms
11 silly lifecycle swagger-jsonforms@0.0.0~tsc: Args: [ '-c', 'tsc' ]
12 silly lifecycle swagger-jsonforms@0.0.0~tsc: Returned: code: 2  signal: null
13 info lifecycle swagger-jsonforms@0.0.0~tsc: Failed to exec tsc script
14 verbose stack Error: swagger-jsonforms@0.0.0 tsc: `tsc`
14 verbose stack Exit status 2
14 verbose stack     at EventEmitter.<anonymous> (/usr/local/lib/node_modules/npm/lib/utils/lifecycle.js:232:16)
14 verbose stack     at emitTwo (events.js:88:13)
14 verbose stack     at EventEmitter.emit (events.js:173:7)
14 verbose stack     at ChildProcess.<anonymous> (/usr/local/lib/node_modules/npm/lib/utils/spawn.js:24:14)
14 verbose stack     at emitTwo (events.js:88:13)
14 verbose stack     at ChildProcess.emit (events.js:173:7)
14 verbose stack     at maybeClose (internal/child_process.js:819:16)
14 verbose stack     at Process.ChildProcess._handle.onexit (internal/child_process.js:212:5)
15 verbose pkgid swagger-jsonforms@0.0.0
16 verbose cwd /home/pancho111203/Studies/EclipseSource/swagger-jsonforms
17 error Linux 3.13.0-85-generic
18 error argv "/usr/local/bin/node" "/usr/local/bin/npm" "run" "tsc"
19 error node v5.2.0
20 error npm  v3.3.12
21 error code ELIFECYCLE
22 error swagger-jsonforms@0.0.0 tsc: `tsc`
22 error Exit status 2
23 error Failed at the swagger-jsonforms@0.0.0 tsc script 'tsc'.
23 error Make sure you have the latest version of node.js and npm installed.
23 error If you do, this is most likely a problem with the swagger-jsonforms package,
23 error not with npm itself.
23 error Tell the author that this fails on your system:
23 error     tsc
23 error You can get their info via:
23 error     npm owner ls swagger-jsonforms
23 error There is likely additional logging output above.
24 verbose exit [ 1, true ]
